{"version":1,"created_at":"2025-09-27T07:19:18.905336029Z","hash":"612bfb3d9b0348b78581bb9b82deae10a34cb8da04f7fedf58707ad42a306ab3"}
{"sequence":1,"timestamp":"2025-09-27T07:19:18.906587351Z","payload":{"active":false,"kind":"controller_heartbeat","mode":"Simulation","tick":1}}
{"sequence":2,"timestamp":"2025-09-27T07:19:18.907123968Z","payload":{"controller_id":"secondary","grid_id":"grid-a","kind":"snapshot_saved","path":"target/snapshots/grid-a/secondary/1758957558-secondary.json"}}
{"sequence":3,"timestamp":"2025-09-27T07:19:18.907132251Z","payload":{"active":true,"kind":"controller_tick","mode":"Simulation","telemetry":{"controller_id":"secondary","frequency_hz":50.05005243400012,"grid_id":"grid-a","load_kw":25.001988171984646,"scenario_label":null,"synthetic":true,"timestamp":"2025-09-27T07:19:18.906848773Z","voltage_v":230.33221046054928},"tick":1}}
{"sequence":4,"timestamp":"2025-09-27T07:19:18.926746934Z","payload":{"active":false,"kind":"controller_heartbeat","mode":"Simulation","tick":2}}
{"sequence":5,"timestamp":"2025-09-27T07:19:18.946882597Z","payload":{"active":false,"kind":"controller_heartbeat","mode":"Simulation","tick":3}}
{"sequence":6,"timestamp":"2025-09-27T07:19:18.966990565Z","payload":{"active":false,"kind":"controller_heartbeat","mode":"Simulation","tick":4}}
{"sequence":7,"timestamp":"2025-09-27T07:19:18.987188487Z","payload":{"active":false,"kind":"controller_heartbeat","mode":"Simulation","tick":5}}
{"sequence":8,"timestamp":"2025-09-27T07:43:40.907414390Z","payload":{"controller_id":"primary","grid_id":"grid-a","kind":"snapshot_saved","path":"target/snapshots/grid-a/primary/1758959020-primary.json"}}
{"sequence":9,"timestamp":"2025-09-27T07:43:40.907431905Z","payload":{"active":true,"kind":"controller_tick","mode":"Simulation","telemetry":{"controller_id":"primary","frequency_hz":50.05005243429218,"grid_id":"grid-a","load_kw":25.001961551699527,"scenario_label":null,"synthetic":true,"timestamp":"2025-09-27T07:43:40.907013305Z","voltage_v":230.33203299259551},"tick":1}}
{"sequence":10,"timestamp":"2025-09-27T07:43:40.927075929Z","payload":{"controller_id":"primary","grid_id":"grid-a","kind":"snapshot_saved","path":"target/snapshots/grid-a/primary/1758959020-primary.json"}}
{"sequence":11,"timestamp":"2025-09-27T07:43:40.927103988Z","payload":{"active":true,"kind":"controller_tick","mode":"Simulation","telemetry":{"controller_id":"primary","frequency_hz":50.04982276653647,"grid_id":"grid-a","load_kw":25.021361403766697,"scenario_label":null,"synthetic":true,"timestamp":"2025-09-27T07:43:40.926598395Z","voltage_v":229.8310033650988},"tick":2}}
{"sequence":12,"timestamp":"2025-09-27T07:43:40.947371455Z","payload":{"controller_id":"primary","grid_id":"grid-a","kind":"snapshot_saved","path":"target/snapshots/grid-a/primary/1758959020-primary.json"}}
{"sequence":13,"timestamp":"2025-09-27T07:43:40.947386304Z","payload":{"active":true,"kind":"controller_tick","mode":"Simulation","telemetry":{"controller_id":"primary","frequency_hz":50.049169882595926,"grid_id":"grid-a","load_kw":25.041732289003875,"scenario_label":null,"synthetic":true,"timestamp":"2025-09-27T07:43:40.947209232Z","voltage_v":230.72608326331388},"tick":3}}
{"sequence":14,"timestamp":"2025-09-27T07:43:40.966820991Z","payload":{"controller_id":"primary","grid_id":"grid-a","kind":"snapshot_saved","path":"target/snapshots/grid-a/primary/1758959020-primary.json"}}
{"sequence":15,"timestamp":"2025-09-27T07:43:40.966842203Z","payload":{"active":true,"kind":"controller_tick","mode":"Simulation","telemetry":{"controller_id":"primary","frequency_hz":50.05181726950365,"grid_id":"grid-a","load_kw":25.060860902180597,"scenario_label":null,"synthetic":true,"timestamp":"2025-09-27T07:43:40.966508475Z","voltage_v":230.25884243842452},"tick":4}}
{"sequence":16,"timestamp":"2025-09-27T07:43:40.987303199Z","payload":{"controller_id":"primary","grid_id":"grid-a","kind":"snapshot_saved","path":"target/snapshots/grid-a/primary/1758959020-primary.json"}}
{"sequence":17,"timestamp":"2025-09-27T07:43:40.987318564Z","payload":{"active":true,"kind":"controller_tick","mode":"Simulation","telemetry":{"controller_id":"primary","frequency_hz":50.0477654668027,"grid_id":"grid-a","load_kw":25.081144613602145,"scenario_label":null,"synthetic":true,"timestamp":"2025-09-27T07:43:40.987031877Z","voltage_v":230.5405340408431},"tick":5}}
{"sequence":18,"timestamp":"2025-09-27T07:43:41.006733280Z","payload":{"controller_id":"primary","grid_id":"grid-a","kind":"snapshot_saved","path":"target/snapshots/grid-a/primary/1758959021-primary.json"}}
{"sequence":19,"timestamp":"2025-09-27T07:43:41.006748798Z","payload":{"active":true,"kind":"controller_tick","mode":"Simulation","telemetry":{"controller_id":"primary","frequency_hz":50.05284097852748,"grid_id":"grid-a","load_kw":25.100463035260912,"scenario_label":null,"synthetic":true,"timestamp":"2025-09-27T07:43:41.006527113Z","voltage_v":230.76354434829116},"tick":6}}
{"sequence":20,"timestamp":"2025-09-27T07:44:42.615727944Z","payload":{"controller_id":"primary","grid_id":"grid-a","kind":"snapshot_restored","path":"target/snapshots/grid-a/primary/1758959021-primary.json"}}
{"sequence":21,"timestamp":"2025-09-27T07:44:42.616992939Z","payload":{"controller_id":"primary","grid_id":"grid-a","kind":"snapshot_saved","path":"target/snapshots/grid-a/primary/1758959082-primary.json"}}
{"sequence":22,"timestamp":"2025-09-27T07:44:42.617007379Z","payload":{"active":true,"kind":"controller_tick","mode":"Simulation","telemetry":{"controller_id":"primary","frequency_hz":50.050052287110866,"grid_id":"grid-a","load_kw":25.007538765533635,"scenario_label":null,"synthetic":true,"timestamp":"2025-09-27T07:44:42.616844469Z","voltage_v":230.36921358882535},"tick":7}}
{"sequence":23,"timestamp":"2025-09-27T07:44:42.636619857Z","payload":{"controller_id":"primary","grid_id":"grid-a","kind":"snapshot_saved","path":"target/snapshots/grid-a/primary/1758959082-primary.json"}}
{"sequence":24,"timestamp":"2025-09-27T07:44:42.636643399Z","payload":{"active":true,"kind":"controller_tick","mode":"Simulation","telemetry":{"controller_id":"primary","frequency_hz":50.04982205138459,"grid_id":"grid-a","load_kw":25.026716410557324,"scenario_label":null,"synthetic":true,"timestamp":"2025-09-27T07:44:42.636187024Z","voltage_v":229.8666850444052},"tick":8}}
{"sequence":25,"timestamp":"2025-09-27T07:44:42.656940310Z","payload":{"controller_id":"primary","grid_id":"grid-a","kind":"snapshot_saved","path":"target/snapshots/grid-a/primary/1758959082-primary.json"}}
{"sequence":26,"timestamp":"2025-09-27T07:44:42.656956220Z","payload":{"active":true,"kind":"controller_tick","mode":"Simulation","telemetry":{"controller_id":"primary","frequency_hz":50.049168572484476,"grid_id":"grid-a","load_kw":25.04704506959874,"scenario_label":null,"synthetic":true,"timestamp":"2025-09-27T07:44:42.656754834Z","voltage_v":230.76143986664246},"tick":9}}
{"sequence":27,"timestamp":"2025-09-27T07:44:42.677320618Z","payload":{"controller_id":"primary","grid_id":"grid-a","kind":"snapshot_saved","path":"target/snapshots/grid-a/primary/1758959082-primary.json"}}
{"sequence":28,"timestamp":"2025-09-27T07:44:42.677341683Z","payload":{"active":true,"kind":"controller_tick","mode":"Simulation","telemetry":{"controller_id":"primary","frequency_hz":50.051815042623254,"grid_id":"grid-a","load_kw":25.06712508883135,"scenario_label":null,"synthetic":true,"timestamp":"2025-09-27T07:44:42.677062218Z","voltage_v":230.30045201728112},"tick":10}}
{"sequence":29,"timestamp":"2025-09-27T07:44:42.696947009Z","payload":{"controller_id":"primary","grid_id":"grid-a","kind":"snapshot_saved","path":"target/snapshots/grid-a/primary/1758959082-primary.json"}}
{"sequence":30,"timestamp":"2025-09-27T07:44:42.696964247Z","payload":{"active":true,"kind":"controller_tick","mode":"Simulation","telemetry":{"controller_id":"primary","frequency_hz":50.04776295221559,"grid_id":"grid-a","load_kw":25.086543623553183,"scenario_label":null,"synthetic":true,"timestamp":"2025-09-27T07:44:42.696671770Z","voltage_v":230.5763032405412},"tick":11}}
{"sequence":31,"timestamp":"2025-09-27T07:44:42.716405042Z","payload":{"controller_id":"primary","grid_id":"grid-a","kind":"snapshot_saved","path":"target/snapshots/grid-a/primary/1758959082-primary.json"}}
{"sequence":32,"timestamp":"2025-09-27T07:44:42.716441727Z","payload":{"active":true,"kind":"controller_tick","mode":"Simulation","telemetry":{"controller_id":"primary","frequency_hz":50.05283792344216,"grid_id":"grid-a","load_kw":25.105796192164757,"scenario_label":null,"synthetic":true,"timestamp":"2025-09-27T07:44:42.716094625Z","voltage_v":230.79876387998885},"tick":12}}
{"sequence":33,"timestamp":"2025-09-27T07:45:41.608236964Z","payload":{"controller_id":"secondary","grid_id":"grid-a","kind":"failover","reason":"HeartbeatTimeout"}}
{"sequence":34,"timestamp":"2025-09-27T07:49:00.461804977Z","payload":{"controller_id":"secondary","grid_id":"grid-a","kind":"failover","reason":"HeartbeatTimeout"}}
